20230721	22:19:57	73262d21-d8be-4f9b-b41f-87070b97ac99	GET	/	undefined
20230721	22:19:57	2aa12246-f767-4243-8a59-b5a8058102cc	GET	/css/style.css	undefined
20230721	22:20:03	58f5aced-a31d-4460-85bb-4fbe6ffa5c08	GET	/user	undefined
20230721	22:20:07	3cab0b78-b4ca-4fc1-9798-dd8a73981203	GET	/users	undefined
20230721	22:20:50	0606b06c-a96b-4e3a-98f6-7db28e14ff82	GET	/ws	http://localhost:3000
20230721	22:20:53	50e0a395-9869-4127-8817-3682020e23ba	GET	/ws	http://localhost:3000
20230721	22:20:55	3f21aba4-0d87-4f14-8d3f-33596c656df1	GET	/ws	http://localhost:3000
20230721	22:21:06	4a8630e2-f528-4456-8cca-9cec9ce68cf7	GET	/ws	http://localhost:3000
20230721	22:21:08	b73e59dc-134b-4a7c-917d-a2db22551467	GET	/ws	http://localhost:3000
20230721	22:21:13	05b1d00f-f7df-41f6-907a-a027685c6268	GET	/ws	http://localhost:3000
20230721	22:21:21	0c8b6d75-9c57-4320-8053-55f42fd61757	GET	/ws	http://localhost:3000
20230721	22:21:34	41a6b61f-72bc-4926-89a6-dbe82daa15e5	GET	/	undefined
20230721	22:21:34	6c2f3395-113e-47a4-99b2-44b1e0fef498	GET	/css/style.css	undefined
20230721	22:21:38	14b2f46d-d431-4184-bc4a-3d7a0a61b0d1	GET	/ws	http://localhost:3000
20230721	22:21:40	fbc761d8-4c8a-4ed8-8c01-a7329e88882a	GET	/users	undefined
20230721	22:22:11	0ff007c1-8d9c-4de6-a522-4f8328787387	GET	/ws	http://localhost:3000
20230721	22:24:28	c373c7d6-4b78-4090-b7ee-437a93a58a1a	GET	/notes	undefined
20230721	22:24:32	ac1453df-670c-4366-955f-368f809cb3b7	GET	/notes	undefined
20230721	22:24:47	85db8c38-8f81-4367-9421-b2bca6a51f03	GET	/	undefined
20230721	22:24:47	6a601a9f-ebe8-477a-9b69-b32dd9252fd5	GET	/css/style.css	undefined
20230721	22:31:33	606bb744-cfa6-4cb8-8858-2851d5270a8a	GET	/auth	undefined
20230721	22:31:54	e5878233-9ab0-4c35-a7cd-7203022f6867	GET	/auth	undefined
20230721	22:31:56	b39da837-0a64-4afd-b671-5b156d1bc7a3	GET	/auth	undefined
20230721	22:32:23	cb900d2c-a78e-4490-b30e-5ef8c3230b57	GET	/auth	undefined
20230721	22:32:31	f6f89413-706a-45ed-84a9-04897798d9eb	GET	/users	undefined
20230723	10:48:23	cd172941-bc27-40cb-936b-9c799a28171f	POST	/users	undefined
20230723	10:49:11	8cddf098-3028-45f3-a454-021ec4e6bc64	POST	/users	undefined
20230723	10:50:55	a788e3b4-9f31-40dc-98fb-cd3634d0f2e0	GET	/ws	http://localhost:3000
20230723	10:51:13	123253fd-b350-407e-b585-be7a92996166	GET	/ws	http://localhost:3000
20230723	10:51:18	0fde3299-1ad0-499f-b268-bd9497bedbb3	POST	/login	undefined
20230723	10:51:41	235c58be-acd4-4795-82e6-c1d55be50a12	GET	/ws	http://localhost:3000
20230723	10:51:50	2078ad0b-e9b3-4276-96c9-1213011511e1	GET	/ws	http://localhost:3000
20230723	10:52:37	96f65a7b-23aa-4a97-a857-145057e718b9	GET	/ws	http://localhost:3000
20230723	10:53:12	42ee3074-18a1-4443-8e13-bac055659ce8	GET	/ws	http://localhost:3000
20230723	10:53:56	f034b777-880e-48d4-b068-e3e14732c815	POST	/login	undefined
20230723	10:53:58	c7b9dbac-d0e0-4aca-88f0-5dd8c46526f6	GET	/ws	http://localhost:3000
20230723	10:54:12	8eb44b58-11d0-4d97-97fd-303080b78641	POST	/users	undefined
20230723	10:54:17	0a61e086-e714-4927-aae3-3ef78c1c3bfe	GET	/ws	http://localhost:3000
20230723	10:55:03	18a3a22e-31bc-4765-900d-0e7ee7231a35	GET	/ws	http://localhost:3000
20230723	10:56:26	79f6a05e-c08b-4d2c-b842-8261bebeb50d	GET	/ws	http://localhost:3000
20230723	10:56:50	332a3e9b-4453-4d91-a469-6dcba3c51e7e	POST	/users	undefined
20230723	10:57:12	f6b9e06a-3698-4a6f-b3e9-1c88c9e29174	GET	/ws	http://localhost:3000
20230723	10:58:35	190a6dc8-2db1-483f-af1b-b1f05d2c45ca	POST	/auth/login	undefined
20230723	11:00:43	366cf3df-8aea-42da-9af8-2db069f6a644	GET	/ws	http://localhost:3000
20230723	11:01:10	af1824f8-56f3-4f6b-ab4b-57f67a67fb0f	POST	/users/add	undefined
20230723	11:01:29	af4cb90d-bb6d-4c9d-9785-c65e22533a82	GET	/ws	http://localhost:3000
20230723	11:09:16	33767755-2e7f-4e74-aafb-79064bcd098d	GET	/ws	http://localhost:3000
20230723	11:10:02	4c3eed3b-ace1-471f-896d-f3d3a0c716c3	GET	/ws	http://localhost:3000
20230723	11:10:41	851a3acd-b33a-4254-9908-c09b148ad691	POST	/users/add	undefined
